<?xml version="1.0" encoding="UTF-8"?>
<!-- Generated by org.testng.reporters.JUnitXMLReporter -->
<testsuite ignored="0" hostname="Velu" failures="0" tests="3" name="Test" time="24.028" errors="0" timestamp="2025-02-05T11:57:02 IST">
  <testcase classname="org.execution.TC01_ADactinHotelLoginPageValidation" name="LoginSuccessFulValidation" time="0.073"/>
  <testcase classname="org.execution.TC02_ADactinHotelSearchHotelPageValidation" name="TC02_ADactinHotelSearchHotelPageValidation" time="0.059"/>
  <testcase classname="org.execution.TC03_ADactinHotelSelectPageValidation" name="Tc03_ADactinHotelSelectPageValidation" time="0.168"/>
</testsuite> <!-- Test -->
